02:23:30 **** Incremental Build of configuration Debug for project Main ****
make -j12 all 
arm-none-eabi-gcc "../Core/Src/main.c" -mcpu=cortex-m4 -std=gnu11 -g3 -DDEBUG -DUSE_HAL_DRIVER -DSTM32F429xx -c -I../Core/Inc -I../Drivers/STM32F4xx_HAL_Driver/Inc -I../Drivers/STM32F4xx_HAL_Driver/Inc/Legacy -I../Drivers/CMSIS/Device/ST/STM32F4xx/Include -I../Drivers/CMSIS/Include -O0 -ffunction-sections -fdata-sections -Wall -fstack-usage -fcyclomatic-complexity -MMD -MP -MF"Core/Src/main.d" -MT"Core/Src/main.o" --specs=nano.specs -mfpu=fpv4-sp-d16 -mfloat-abi=hard -mthumb -o "Core/Src/main.o"
arm-none-eabi-gcc "../Core/Src/stm32f4xx_hal_msp.c" -mcpu=cortex-m4 -std=gnu11 -g3 -DDEBUG -DUSE_HAL_DRIVER -DSTM32F429xx -c -I../Core/Inc -I../Drivers/STM32F4xx_HAL_Driver/Inc -I../Drivers/STM32F4xx_HAL_Driver/Inc/Legacy -I../Drivers/CMSIS/Device/ST/STM32F4xx/Include -I../Drivers/CMSIS/Include -O0 -ffunction-sections -fdata-sections -Wall -fstack-usage -fcyclomatic-complexity -MMD -MP -MF"Core/Src/stm32f4xx_hal_msp.d" -MT"Core/Src/stm32f4xx_hal_msp.o" --specs=nano.specs -mfpu=fpv4-sp-d16 -mfloat-abi=hard -mthumb -o "Core/Src/stm32f4xx_hal_msp.o"
arm-none-eabi-gcc "../Core/Src/stm32f4xx_it.c" -mcpu=cortex-m4 -std=gnu11 -g3 -DDEBUG -DUSE_HAL_DRIVER -DSTM32F429xx -c -I../Core/Inc -I../Drivers/STM32F4xx_HAL_Driver/Inc -I../Drivers/STM32F4xx_HAL_Driver/Inc/Legacy -I../Drivers/CMSIS/Device/ST/STM32F4xx/Include -I../Drivers/CMSIS/Include -O0 -ffunction-sections -fdata-sections -Wall -fstack-usage -fcyclomatic-complexity -MMD -MP -MF"Core/Src/stm32f4xx_it.d" -MT"Core/Src/stm32f4xx_it.o" --specs=nano.specs -mfpu=fpv4-sp-d16 -mfloat-abi=hard -mthumb -o "Core/Src/stm32f4xx_it.o"
arm-none-eabi-gcc -o "Main.elf" @"objects.list"   -mcpu=cortex-m4 -T"C:\Users\choua\STM32CubeIDE\AutoBookshelf\Main\STM32F429ZITX_FLASH.ld" --specs=nosys.specs -Wl,-Map="Main.map" -Wl,--gc-sections -static --specs=nano.specs -mfpu=fpv4-sp-d16 -mfloat-abi=hard -mthumb -Wl,--start-group -lc -lm -Wl,--end-group
Finished building target: Main.elf
 
arm-none-eabi-size  Main.elf 
arm-none-eabi-objdump -h -S Main.elf  > "Main.list"
   text	   data	    bss	    dec	    hex	filename
  23260	     24	   3816	  27100	   69dc	Main.elf
Finished building: default.size.stdout
 
Finished building: Main.list
 
04:16:37 **** Incremental Build of configuration Debug for project Main ****
make -j12 all 
arm-none-eabi-gcc "../Core/Src/main.c" -mcpu=cortex-m4 -std=gnu11 -g3 -DDEBUG -DUSE_HAL_DRIVER -DSTM32F429xx -c -I../Core/Inc -I../Drivers/STM32F4xx_HAL_Driver/Inc -I../Drivers/STM32F4xx_HAL_Driver/Inc/Legacy -I../Drivers/CMSIS/Device/ST/STM32F4xx/Include -I../Drivers/CMSIS/Include -O0 -ffunction-sections -fdata-sections -Wall -fstack-usage -fcyclomatic-complexity -MMD -MP -MF"Core/Src/main.d" -MT"Core/Src/main.o" --specs=nano.specs -mfpu=fpv4-sp-d16 -mfloat-abi=hard -mthumb -o "Core/Src/main.o"
../Core/Src/main.c: In function 'HAL_UART_RxCpltCallback':
../Core/Src/main.c:564:15: warning: assignment discards 'const' qualifier from pointer target type [-Wdiscarded-qualifiers]
  564 |           tmp = BT_Rx_Cplt();
      |               ^
arm-none-eabi-gcc -o "Main.elf" @"objects.list"   -mcpu=cortex-m4 -T"C:\Users\choua\STM32CubeIDE\AutoBookshelf\Main\STM32F429ZITX_FLASH.ld" --specs=nosys.specs -Wl,-Map="Main.map" -Wl,--gc-sections -static --specs=nano.specs -mfpu=fpv4-sp-d16 -mfloat-abi=hard -mthumb -Wl,--start-group -lc -lm -Wl,--end-group
Finished building target: Main.elf
 
arm-none-eabi-size  Main.elf 
arm-none-eabi-objdump -h -S Main.elf  > "Main.list"
   text	   data	    bss	    dec	    hex	filename
  24832	     28	   4100	  28960	   7120	Main.elf
Finished building: default.size.stdout
 
Finished building: Main.list
 
04:17:22 **** Incremental Build of configuration Debug for project Main ****
make -j12 all 
arm-none-eabi-gcc "../Core/Src/main.c" -mcpu=cortex-m4 -std=gnu11 -g3 -DDEBUG -DUSE_HAL_DRIVER -DSTM32F429xx -c -I../Core/Inc -I../Drivers/STM32F4xx_HAL_Driver/Inc -I../Drivers/STM32F4xx_HAL_Driver/Inc/Legacy -I../Drivers/CMSIS/Device/ST/STM32F4xx/Include -I../Drivers/CMSIS/Include -O0 -ffunction-sections -fdata-sections -Wall -fstack-usage -fcyclomatic-complexity -MMD -MP -MF"Core/Src/main.d" -MT"Core/Src/main.o" --specs=nano.specs -mfpu=fpv4-sp-d16 -mfloat-abi=hard -mthumb -o "Core/Src/main.o"
arm-none-eabi-gcc -o "Main.elf" @"objects.list"   -mcpu=cortex-m4 -T"C:\Users\choua\STM32CubeIDE\AutoBookshelf\Main\STM32F429ZITX_FLASH.ld" --specs=nosys.specs -Wl,-Map="Main.map" -Wl,--gc-sections -static --specs=nano.specs -mfpu=fpv4-sp-d16 -mfloat-abi=hard -mthumb -Wl,--start-group -lc -lm -Wl,--end-group
Finished building target: Main.elf
 
arm-none-eabi-size  Main.elf 
arm-none-eabi-objdump -h -S Main.elf  > "Main.list"
   text	   data	    bss	    dec	    hex	filename
  24832	     28	   4100	  28960	   7120	Main.elf
Finished building: default.size.stdout
 
Finished building: Main.list
 
04:19:06 **** Incremental Build of configuration Debug for project Main ****
make -j12 all 
arm-none-eabi-gcc "../Core/Src/main.c" -mcpu=cortex-m4 -std=gnu11 -g3 -DDEBUG -DUSE_HAL_DRIVER -DSTM32F429xx -c -I../Core/Inc -I../Drivers/STM32F4xx_HAL_Driver/Inc -I../Drivers/STM32F4xx_HAL_Driver/Inc/Legacy -I../Drivers/CMSIS/Device/ST/STM32F4xx/Include -I../Drivers/CMSIS/Include -O0 -ffunction-sections -fdata-sections -Wall -fstack-usage -fcyclomatic-complexity -MMD -MP -MF"Core/Src/main.d" -MT"Core/Src/main.o" --specs=nano.specs -mfpu=fpv4-sp-d16 -mfloat-abi=hard -mthumb -o "Core/Src/main.o"
arm-none-eabi-gcc -o "Main.elf" @"objects.list"   -mcpu=cortex-m4 -T"C:\Users\choua\STM32CubeIDE\AutoBookshelf\Main\STM32F429ZITX_FLASH.ld" --specs=nosys.specs -Wl,-Map="Main.map" -Wl,--gc-sections -static --specs=nano.specs -mfpu=fpv4-sp-d16 -mfloat-abi=hard -mthumb -Wl,--start-group -lc -lm -Wl,--end-group
Finished building target: Main.elf
 
arm-none-eabi-size  Main.elf 
arm-none-eabi-objdump -h -S Main.elf  > "Main.list"
   text	   data	    bss	    dec	    hex	filename
  25372	     28	   4372	  29772	   744c	Main.elf
Finished building: default.size.stdout
 
Finished building: Main.list
 
05:05:36 **** Incremental Build of configuration Debug for project Main ****
make -j12 all 
arm-none-eabi-gcc "../Core/Src/main.c" -mcpu=cortex-m4 -std=gnu11 -g3 -DDEBUG -DUSE_HAL_DRIVER -DSTM32F429xx -c -I../Core/Inc -I../Drivers/STM32F4xx_HAL_Driver/Inc -I../Drivers/STM32F4xx_HAL_Driver/Inc/Legacy -I../Drivers/CMSIS/Device/ST/STM32F4xx/Include -I../Drivers/CMSIS/Include -O0 -ffunction-sections -fdata-sections -Wall -fstack-usage -fcyclomatic-complexity -MMD -MP -MF"Core/Src/main.d" -MT"Core/Src/main.o" --specs=nano.specs -mfpu=fpv4-sp-d16 -mfloat-abi=hard -mthumb -o "Core/Src/main.o"
arm-none-eabi-gcc -o "Main.elf" @"objects.list"   -mcpu=cortex-m4 -T"C:\Users\choua\STM32CubeIDE\AutoBookshelf\Main\STM32F429ZITX_FLASH.ld" --specs=nosys.specs -Wl,-Map="Main.map" -Wl,--gc-sections -static --specs=nano.specs -mfpu=fpv4-sp-d16 -mfloat-abi=hard -mthumb -Wl,--start-group -lc -lm -Wl,--end-group
Finished building target: Main.elf
 
arm-none-eabi-size  Main.elf 
arm-none-eabi-objdump -h -S Main.elf  > "Main.list"
   text	   data	    bss	    dec	    hex	filename
  25368	     28	   4356	  29752	   7438	Main.elf
Finished building: default.size.stdout
 
Finished building: Main.list
 
05:43:44 **** Incremental Build of configuration Debug for project Main ****
make -j12 all 
arm-none-eabi-gcc "../Core/Src/main.c" -mcpu=cortex-m4 -std=gnu11 -g3 -DDEBUG -DUSE_HAL_DRIVER -DSTM32F429xx -c -I../Core/Inc -I../Drivers/STM32F4xx_HAL_Driver/Inc -I../Drivers/STM32F4xx_HAL_Driver/Inc/Legacy -I../Drivers/CMSIS/Device/ST/STM32F4xx/Include -I../Drivers/CMSIS/Include -O0 -ffunction-sections -fdata-sections -Wall -fstack-usage -fcyclomatic-complexity -MMD -MP -MF"Core/Src/main.d" -MT"Core/Src/main.o" --specs=nano.specs -mfpu=fpv4-sp-d16 -mfloat-abi=hard -mthumb -o "Core/Src/main.o"
In file included from ../Core/Src/main.c:22:
../Core/Inc/bluetooth.h: In function 'BT_Start_Receive':
../Core/Inc/bluetooth.h:26:13: error: unknown type name 'uin8_t'; did you mean 'uint8_t'?
   26 |         for(uin8_t i = 0; i<MES_LEN; i++)
      |             ^~~~~~
      |             uint8_t
make: *** [Core/Src/subdir.mk:34: Core/Src/main.o] Error 1
"make -j12 all" terminated with exit code 2. Build might be incomplete.
05:44:11 **** Incremental Build of configuration Debug for project Main ****
make -j12 all 
arm-none-eabi-gcc "../Core/Src/main.c" -mcpu=cortex-m4 -std=gnu11 -g3 -DDEBUG -DUSE_HAL_DRIVER -DSTM32F429xx -c -I../Core/Inc -I../Drivers/STM32F4xx_HAL_Driver/Inc -I../Drivers/STM32F4xx_HAL_Driver/Inc/Legacy -I../Drivers/CMSIS/Device/ST/STM32F4xx/Include -I../Drivers/CMSIS/Include -O0 -ffunction-sections -fdata-sections -Wall -fstack-usage -fcyclomatic-complexity -MMD -MP -MF"Core/Src/main.d" -MT"Core/Src/main.o" --specs=nano.specs -mfpu=fpv4-sp-d16 -mfloat-abi=hard -mthumb -o "Core/Src/main.o"
arm-none-eabi-gcc -o "Main.elf" @"objects.list"   -mcpu=cortex-m4 -T"C:\Users\choua\STM32CubeIDE\AutoBookshelf\Main\STM32F429ZITX_FLASH.ld" --specs=nosys.specs -Wl,-Map="Main.map" -Wl,--gc-sections -static --specs=nano.specs -mfpu=fpv4-sp-d16 -mfloat-abi=hard -mthumb -Wl,--start-group -lc -lm -Wl,--end-group
Finished building target: Main.elf
 
arm-none-eabi-size  Main.elf 
arm-none-eabi-objdump -h -S Main.elf  > "Main.list"
   text	   data	    bss	    dec	    hex	filename
  25952	     28	   4356	  30336	   7680	Main.elf
Finished building: default.size.stdout
 
Finished building: Main.list
 
05:47:51 **** Incremental Build of configuration Debug for project Main ****
make -j12 all 
arm-none-eabi-gcc "../Core/Src/main.c" -mcpu=cortex-m4 -std=gnu11 -g3 -DDEBUG -DUSE_HAL_DRIVER -DSTM32F429xx -c -I../Core/Inc -I../Drivers/STM32F4xx_HAL_Driver/Inc -I../Drivers/STM32F4xx_HAL_Driver/Inc/Legacy -I../Drivers/CMSIS/Device/ST/STM32F4xx/Include -I../Drivers/CMSIS/Include -O0 -ffunction-sections -fdata-sections -Wall -fstack-usage -fcyclomatic-complexity -MMD -MP -MF"Core/Src/main.d" -MT"Core/Src/main.o" --specs=nano.specs -mfpu=fpv4-sp-d16 -mfloat-abi=hard -mthumb -o "Core/Src/main.o"
arm-none-eabi-gcc -o "Main.elf" @"objects.list"   -mcpu=cortex-m4 -T"C:\Users\choua\STM32CubeIDE\AutoBookshelf\Main\STM32F429ZITX_FLASH.ld" --specs=nosys.specs -Wl,-Map="Main.map" -Wl,--gc-sections -static --specs=nano.specs -mfpu=fpv4-sp-d16 -mfloat-abi=hard -mthumb -Wl,--start-group -lc -lm -Wl,--end-group
Finished building target: Main.elf
 
arm-none-eabi-size  Main.elf 
arm-none-eabi-objdump -h -S Main.elf  > "Main.list"
   text	   data	    bss	    dec	    hex	filename
  25976	     28	   4356	  30360	   7698	Main.elf
Finished building: default.size.stdout
 
Finished building: Main.list
 
05:51:30 **** Incremental Build of configuration Debug for project Main ****
make -j12 all 
arm-none-eabi-gcc "../Core/Src/main.c" -mcpu=cortex-m4 -std=gnu11 -g3 -DDEBUG -DUSE_HAL_DRIVER -DSTM32F429xx -c -I../Core/Inc -I../Drivers/STM32F4xx_HAL_Driver/Inc -I../Drivers/STM32F4xx_HAL_Driver/Inc/Legacy -I../Drivers/CMSIS/Device/ST/STM32F4xx/Include -I../Drivers/CMSIS/Include -O0 -ffunction-sections -fdata-sections -Wall -fstack-usage -fcyclomatic-complexity -MMD -MP -MF"Core/Src/main.d" -MT"Core/Src/main.o" --specs=nano.specs -mfpu=fpv4-sp-d16 -mfloat-abi=hard -mthumb -o "Core/Src/main.o"
arm-none-eabi-gcc -o "Main.elf" @"objects.list"   -mcpu=cortex-m4 -T"C:\Users\choua\STM32CubeIDE\AutoBookshelf\Main\STM32F429ZITX_FLASH.ld" --specs=nosys.specs -Wl,-Map="Main.map" -Wl,--gc-sections -static --specs=nano.specs -mfpu=fpv4-sp-d16 -mfloat-abi=hard -mthumb -Wl,--start-group -lc -lm -Wl,--end-group
Finished building target: Main.elf
 
arm-none-eabi-size  Main.elf 
arm-none-eabi-objdump -h -S Main.elf  > "Main.list"
   text	   data	    bss	    dec	    hex	filename
  25972	     28	   4356	  30356	   7694	Main.elf
Finished building: default.size.stdout
 
Finished building: Main.list
 
05:55:16 **** Incremental Build of configuration Debug for project Main ****
make -j12 all 
arm-none-eabi-gcc "../Core/Src/main.c" -mcpu=cortex-m4 -std=gnu11 -g3 -DDEBUG -DUSE_HAL_DRIVER -DSTM32F429xx -c -I../Core/Inc -I../Drivers/STM32F4xx_HAL_Driver/Inc -I../Drivers/STM32F4xx_HAL_Driver/Inc/Legacy -I../Drivers/CMSIS/Device/ST/STM32F4xx/Include -I../Drivers/CMSIS/Include -O0 -ffunction-sections -fdata-sections -Wall -fstack-usage -fcyclomatic-complexity -MMD -MP -MF"Core/Src/main.d" -MT"Core/Src/main.o" --specs=nano.specs -mfpu=fpv4-sp-d16 -mfloat-abi=hard -mthumb -o "Core/Src/main.o"
arm-none-eabi-gcc -o "Main.elf" @"objects.list"   -mcpu=cortex-m4 -T"C:\Users\choua\STM32CubeIDE\AutoBookshelf\Main\STM32F429ZITX_FLASH.ld" --specs=nosys.specs -Wl,-Map="Main.map" -Wl,--gc-sections -static --specs=nano.specs -mfpu=fpv4-sp-d16 -mfloat-abi=hard -mthumb -Wl,--start-group -lc -lm -Wl,--end-group
Finished building target: Main.elf
 
arm-none-eabi-size  Main.elf 
arm-none-eabi-objdump -h -S Main.elf  > "Main.list"
   text	   data	    bss	    dec	    hex	filename
  25980	     28	   4364	  30372	   76a4	Main.elf
Finished building: default.size.stdout
 
Finished building: Main.list
 
06:50:01 **** Incremental Build of configuration Debug for project Main ****
make -j12 all 
arm-none-eabi-gcc "../Core/Src/main.c" -mcpu=cortex-m4 -std=gnu11 -g3 -DDEBUG -DUSE_HAL_DRIVER -DSTM32F429xx -c -I../Core/Inc -I../Drivers/STM32F4xx_HAL_Driver/Inc -I../Drivers/STM32F4xx_HAL_Driver/Inc/Legacy -I../Drivers/CMSIS/Device/ST/STM32F4xx/Include -I../Drivers/CMSIS/Include -O0 -ffunction-sections -fdata-sections -Wall -fstack-usage -fcyclomatic-complexity -MMD -MP -MF"Core/Src/main.d" -MT"Core/Src/main.o" --specs=nano.specs -mfpu=fpv4-sp-d16 -mfloat-abi=hard -mthumb -o "Core/Src/main.o"
arm-none-eabi-gcc -o "Main.elf" @"objects.list"   -mcpu=cortex-m4 -T"C:\Users\choua\STM32CubeIDE\AutoBookshelf\Main\STM32F429ZITX_FLASH.ld" --specs=nosys.specs -Wl,-Map="Main.map" -Wl,--gc-sections -static --specs=nano.specs -mfpu=fpv4-sp-d16 -mfloat-abi=hard -mthumb -Wl,--start-group -lc -lm -Wl,--end-group
Finished building target: Main.elf
 
arm-none-eabi-size  Main.elf 
arm-none-eabi-objdump -h -S Main.elf  > "Main.list"
   text	   data	    bss	    dec	    hex	filename
  25952	     28	   4356	  30336	   7680	Main.elf
Finished building: default.size.stdout
 
Finished building: Main.list
 
09:25:43 **** Incremental Build of configuration Debug for project Main ****
make -j12 all 
arm-none-eabi-gcc "../Core/Src/main.c" -mcpu=cortex-m4 -std=gnu11 -g3 -DDEBUG -DUSE_HAL_DRIVER -DSTM32F429xx -c -I../Core/Inc -I../Drivers/STM32F4xx_HAL_Driver/Inc -I../Drivers/STM32F4xx_HAL_Driver/Inc/Legacy -I../Drivers/CMSIS/Device/ST/STM32F4xx/Include -I../Drivers/CMSIS/Include -O0 -ffunction-sections -fdata-sections -Wall -fstack-usage -fcyclomatic-complexity -MMD -MP -MF"Core/Src/main.d" -MT"Core/Src/main.o" --specs=nano.specs -mfpu=fpv4-sp-d16 -mfloat-abi=hard -mthumb -o "Core/Src/main.o"
../Core/Src/main.c: In function 'Process_Message':
../Core/Src/main.c:116:33: warning: unused variable 'shelf_num' [-Wunused-variable]
  116 |                         uint8_t shelf_num = (msg[2]-'0')*100 + (msg[3]-'0')*10 + (msg[4]-'0');
      |                                 ^~~~~~~~~
arm-none-eabi-gcc -o "Main.elf" @"objects.list"   -mcpu=cortex-m4 -T"C:\Users\choua\STM32CubeIDE\AutoBookshelf\Main\STM32F429ZITX_FLASH.ld" --specs=nosys.specs -Wl,-Map="Main.map" -Wl,--gc-sections -static --specs=nano.specs -mfpu=fpv4-sp-d16 -mfloat-abi=hard -mthumb -Wl,--start-group -lc -lm -Wl,--end-group
Finished building target: Main.elf
 
arm-none-eabi-size  Main.elf 
arm-none-eabi-objdump -h -S Main.elf  > "Main.list"
   text	   data	    bss	    dec	    hex	filename
  25952	     28	   4356	  30336	   7680	Main.elf
Finished building: default.size.stdout
 
Finished building: Main.list
 
09:38:03 **** Incremental Build of configuration Debug for project Main ****
make -j12 all 
arm-none-eabi-gcc "../Core/Src/main.c" -mcpu=cortex-m4 -std=gnu11 -g3 -DDEBUG -DUSE_HAL_DRIVER -DSTM32F429xx -c -I../Core/Inc -I../Drivers/STM32F4xx_HAL_Driver/Inc -I../Drivers/STM32F4xx_HAL_Driver/Inc/Legacy -I../Drivers/CMSIS/Device/ST/STM32F4xx/Include -I../Drivers/CMSIS/Include -O0 -ffunction-sections -fdata-sections -Wall -fstack-usage -fcyclomatic-complexity -MMD -MP -MF"Core/Src/main.d" -MT"Core/Src/main.o" --specs=nano.specs -mfpu=fpv4-sp-d16 -mfloat-abi=hard -mthumb -o "Core/Src/main.o"
arm-none-eabi-gcc -o "Main.elf" @"objects.list"   -mcpu=cortex-m4 -T"C:\Users\choua\STM32CubeIDE\AutoBookshelf\Main\STM32F429ZITX_FLASH.ld" --specs=nosys.specs -Wl,-Map="Main.map" -Wl,--gc-sections -static --specs=nano.specs -mfpu=fpv4-sp-d16 -mfloat-abi=hard -mthumb -Wl,--start-group -lc -lm -Wl,--end-group
Finished building target: Main.elf
 
arm-none-eabi-size  Main.elf 
arm-none-eabi-objdump -h -S Main.elf  > "Main.list"
   text	   data	    bss	    dec	    hex	filename
  25992	     28	   4356	  30376	   76a8	Main.elf
Finished building: default.size.stdout
 
Finished building: Main.list
 
09:39:43 **** Incremental Build of configuration Debug for project Main ****
make -j12 all 
arm-none-eabi-gcc "../Core/Src/main.c" -mcpu=cortex-m4 -std=gnu11 -g3 -DDEBUG -DUSE_HAL_DRIVER -DSTM32F429xx -c -I../Core/Inc -I../Drivers/STM32F4xx_HAL_Driver/Inc -I../Drivers/STM32F4xx_HAL_Driver/Inc/Legacy -I../Drivers/CMSIS/Device/ST/STM32F4xx/Include -I../Drivers/CMSIS/Include -O0 -ffunction-sections -fdata-sections -Wall -fstack-usage -fcyclomatic-complexity -MMD -MP -MF"Core/Src/main.d" -MT"Core/Src/main.o" --specs=nano.specs -mfpu=fpv4-sp-d16 -mfloat-abi=hard -mthumb -o "Core/Src/main.o"
arm-none-eabi-gcc -o "Main.elf" @"objects.list"   -mcpu=cortex-m4 -T"C:\Users\choua\STM32CubeIDE\AutoBookshelf\Main\STM32F429ZITX_FLASH.ld" --specs=nosys.specs -Wl,-Map="Main.map" -Wl,--gc-sections -static --specs=nano.specs -mfpu=fpv4-sp-d16 -mfloat-abi=hard -mthumb -Wl,--start-group -lc -lm -Wl,--end-group
Finished building target: Main.elf
 
arm-none-eabi-size  Main.elf 
arm-none-eabi-objdump -h -S Main.elf  > "Main.list"
   text	   data	    bss	    dec	    hex	filename
  26008	     28	   4364	  30400	   76c0	Main.elf
Finished building: default.size.stdout
 
Finished building: Main.list
 
09:46:51 **** Incremental Build of configuration Debug for project Main ****
make -j12 all 
arm-none-eabi-gcc "../Core/Src/main.c" -mcpu=cortex-m4 -std=gnu11 -g3 -DDEBUG -DUSE_HAL_DRIVER -DSTM32F429xx -c -I../Core/Inc -I../Drivers/STM32F4xx_HAL_Driver/Inc -I../Drivers/STM32F4xx_HAL_Driver/Inc/Legacy -I../Drivers/CMSIS/Device/ST/STM32F4xx/Include -I../Drivers/CMSIS/Include -O0 -ffunction-sections -fdata-sections -Wall -fstack-usage -fcyclomatic-complexity -MMD -MP -MF"Core/Src/main.d" -MT"Core/Src/main.o" --specs=nano.specs -mfpu=fpv4-sp-d16 -mfloat-abi=hard -mthumb -o "Core/Src/main.o"
arm-none-eabi-gcc -o "Main.elf" @"objects.list"   -mcpu=cortex-m4 -T"C:\Users\choua\STM32CubeIDE\AutoBookshelf\Main\STM32F429ZITX_FLASH.ld" --specs=nosys.specs -Wl,-Map="Main.map" -Wl,--gc-sections -static --specs=nano.specs -mfpu=fpv4-sp-d16 -mfloat-abi=hard -mthumb -Wl,--start-group -lc -lm -Wl,--end-group
Finished building target: Main.elf
 
arm-none-eabi-size  Main.elf 
arm-none-eabi-objdump -h -S Main.elf  > "Main.list"
   text	   data	    bss	    dec	    hex	filename
  26016	     28	   4364	  30408	   76c8	Main.elf
Finished building: default.size.stdout
 
Finished building: Main.list
 
09:51:32 **** Incremental Build of configuration Debug for project Main ****
make -j12 all 
arm-none-eabi-gcc "../Core/Src/main.c" -mcpu=cortex-m4 -std=gnu11 -g3 -DDEBUG -DUSE_HAL_DRIVER -DSTM32F429xx -c -I../Core/Inc -I../Drivers/STM32F4xx_HAL_Driver/Inc -I../Drivers/STM32F4xx_HAL_Driver/Inc/Legacy -I../Drivers/CMSIS/Device/ST/STM32F4xx/Include -I../Drivers/CMSIS/Include -O0 -ffunction-sections -fdata-sections -Wall -fstack-usage -fcyclomatic-complexity -MMD -MP -MF"Core/Src/main.d" -MT"Core/Src/main.o" --specs=nano.specs -mfpu=fpv4-sp-d16 -mfloat-abi=hard -mthumb -o "Core/Src/main.o"
arm-none-eabi-gcc -o "Main.elf" @"objects.list"   -mcpu=cortex-m4 -T"C:\Users\choua\STM32CubeIDE\AutoBookshelf\Main\STM32F429ZITX_FLASH.ld" --specs=nosys.specs -Wl,-Map="Main.map" -Wl,--gc-sections -static --specs=nano.specs -mfpu=fpv4-sp-d16 -mfloat-abi=hard -mthumb -Wl,--start-group -lc -lm -Wl,--end-group
Finished building target: Main.elf
 
arm-none-eabi-size  Main.elf 
arm-none-eabi-objdump -h -S Main.elf  > "Main.list"
   text	   data	    bss	    dec	    hex	filename
  26344	     32	   4360	  30736	   7810	Main.elf
Finished building: default.size.stdout
 
Finished building: Main.list
 
09:58:11 **** Incremental Build of configuration Debug for project Main ****
make -j12 all 
arm-none-eabi-gcc "../Core/Src/main.c" -mcpu=cortex-m4 -std=gnu11 -g3 -DDEBUG -DUSE_HAL_DRIVER -DSTM32F429xx -c -I../Core/Inc -I../Drivers/STM32F4xx_HAL_Driver/Inc -I../Drivers/STM32F4xx_HAL_Driver/Inc/Legacy -I../Drivers/CMSIS/Device/ST/STM32F4xx/Include -I../Drivers/CMSIS/Include -O0 -ffunction-sections -fdata-sections -Wall -fstack-usage -fcyclomatic-complexity -MMD -MP -MF"Core/Src/main.d" -MT"Core/Src/main.o" --specs=nano.specs -mfpu=fpv4-sp-d16 -mfloat-abi=hard -mthumb -o "Core/Src/main.o"
../Core/Src/main.c: In function 'Process_Message':
../Core/Src/main.c:123:42: error: assignment to expression with array type
  123 |                                 transmit = err;
      |                                          ^
../Core/Src/main.c:127:34: error: assignment to expression with array type
  127 |                         transmit = get_msg;
      |                                  ^
../Core/Src/main.c:135:18: error: assignment to expression with array type
  135 |         transmit = err;
      |                  ^
../Core/Src/main.c: In function 'Stepper_Rotate_Cplt_CB':
../Core/Src/main.c:583:18: error: assignment to expression with array type
  583 |         transmit = cplt_msg;
      |                  ^
make: *** [Core/Src/subdir.mk:34: Core/Src/main.o] Error 1
"make -j12 all" terminated with exit code 2. Build might be incomplete.
09:59:51 **** Incremental Build of configuration Debug for project Main ****
make -j12 all 
arm-none-eabi-gcc "../Core/Src/main.c" -mcpu=cortex-m4 -std=gnu11 -g3 -DDEBUG -DUSE_HAL_DRIVER -DSTM32F429xx -c -I../Core/Inc -I../Drivers/STM32F4xx_HAL_Driver/Inc -I../Drivers/STM32F4xx_HAL_Driver/Inc/Legacy -I../Drivers/CMSIS/Device/ST/STM32F4xx/Include -I../Drivers/CMSIS/Include -O0 -ffunction-sections -fdata-sections -Wall -fstack-usage -fcyclomatic-complexity -MMD -MP -MF"Core/Src/main.d" -MT"Core/Src/main.o" --specs=nano.specs -mfpu=fpv4-sp-d16 -mfloat-abi=hard -mthumb -o "Core/Src/main.o"
../Core/Src/main.c: In function 'Process_Message':
../Core/Src/main.c:123:42: error: assignment to expression with array type
  123 |                                 transmit = &err;
      |                                          ^
../Core/Src/main.c:127:34: error: assignment to expression with array type
  127 |                         transmit = &get_msg;
      |                                  ^
../Core/Src/main.c:135:18: error: assignment to expression with array type
  135 |         transmit = err;
      |                  ^
../Core/Src/main.c: In function 'Stepper_Rotate_Cplt_CB':
../Core/Src/main.c:583:18: error: assignment to expression with array type
  583 |         transmit = cplt_msg;
      |                  ^
make: *** [Core/Src/subdir.mk:34: Core/Src/main.o] Error 1
"make -j12 all" terminated with exit code 2. Build might be incomplete.
09:59:51 **** Incremental Build of configuration Debug for project testUART ****
make -j12 all 
arm-none-eabi-gcc "../Core/Src/main.c" -mcpu=cortex-m4 -std=gnu11 -g3 -DDEBUG -DUSE_HAL_DRIVER -DSTM32F429xx -c -I../Core/Inc -I../Drivers/STM32F4xx_HAL_Driver/Inc -I../Drivers/STM32F4xx_HAL_Driver/Inc/Legacy -I../Drivers/CMSIS/Device/ST/STM32F4xx/Include -I../Drivers/CMSIS/Include -O0 -ffunction-sections -fdata-sections -Wall -fstack-usage -fcyclomatic-complexity -MMD -MP -MF"Core/Src/main.d" -MT"Core/Src/main.o" --specs=nano.specs -mfpu=fpv4-sp-d16 -mfloat-abi=hard -mthumb -o "Core/Src/main.o"
arm-none-eabi-gcc -o "testUART.elf" @"objects.list"   -mcpu=cortex-m4 -T"C:\Users\choua\STM32CubeIDE\AutoBookshelf\testUART\STM32F429ZITX_FLASH.ld" --specs=nosys.specs -Wl,-Map="testUART.map" -Wl,--gc-sections -static --specs=nano.specs -mfpu=fpv4-sp-d16 -mfloat-abi=hard -mthumb -Wl,--start-group -lc -lm -Wl,--end-group
Finished building target: testUART.elf
 
arm-none-eabi-size  testUART.elf 
arm-none-eabi-objdump -h -S testUART.elf  > "testUART.list"
   text	   data	    bss	    dec	    hex	filename
  19340	     24	   4208	  23572	   5c14	testUART.elf
Finished building: default.size.stdout
 
Finished building: testUART.list
 
10:00:26 **** Incremental Build of configuration Debug for project Main ****
make -j12 all 
arm-none-eabi-gcc "../Core/Src/main.c" -mcpu=cortex-m4 -std=gnu11 -g3 -DDEBUG -DUSE_HAL_DRIVER -DSTM32F429xx -c -I../Core/Inc -I../Drivers/STM32F4xx_HAL_Driver/Inc -I../Drivers/STM32F4xx_HAL_Driver/Inc/Legacy -I../Drivers/CMSIS/Device/ST/STM32F4xx/Include -I../Drivers/CMSIS/Include -O0 -ffunction-sections -fdata-sections -Wall -fstack-usage -fcyclomatic-complexity -MMD -MP -MF"Core/Src/main.d" -MT"Core/Src/main.o" --specs=nano.specs -mfpu=fpv4-sp-d16 -mfloat-abi=hard -mthumb -o "Core/Src/main.o"
../Core/Src/main.c: In function 'Process_Message':
../Core/Src/main.c:123:43: error: lvalue required as left operand of assignment
  123 |                                 &transmit = &err;
      |                                           ^
../Core/Src/main.c:127:34: error: assignment to expression with array type
  127 |                         transmit = &get_msg;
      |                                  ^
../Core/Src/main.c:135:18: error: assignment to expression with array type
  135 |         transmit = err;
      |                  ^
../Core/Src/main.c: In function 'Stepper_Rotate_Cplt_CB':
../Core/Src/main.c:583:18: error: assignment to expression with array type
  583 |         transmit = cplt_msg;
      |                  ^
make: *** [Core/Src/subdir.mk:34: Core/Src/main.o] Error 1
"make -j12 all" terminated with exit code 2. Build might be incomplete.
10:02:12 **** Incremental Build of configuration Debug for project Main ****
make -j12 all 
arm-none-eabi-gcc "../Core/Src/main.c" -mcpu=cortex-m4 -std=gnu11 -g3 -DDEBUG -DUSE_HAL_DRIVER -DSTM32F429xx -c -I../Core/Inc -I../Drivers/STM32F4xx_HAL_Driver/Inc -I../Drivers/STM32F4xx_HAL_Driver/Inc/Legacy -I../Drivers/CMSIS/Device/ST/STM32F4xx/Include -I../Drivers/CMSIS/Include -O0 -ffunction-sections -fdata-sections -Wall -fstack-usage -fcyclomatic-complexity -MMD -MP -MF"Core/Src/main.d" -MT"Core/Src/main.o" --specs=nano.specs -mfpu=fpv4-sp-d16 -mfloat-abi=hard -mthumb -o "Core/Src/main.o"
../Core/Src/main.c: In function 'Process_Message':
../Core/Src/main.c:123:44: error: expected expression before '{' token
  123 |                                 transmit = {MSG_FRONT, 'E', 'b', 'u', 's', 'y', '*', MSG_END};
      |                                            ^
../Core/Src/main.c:128:34: error: assignment to expression with array type
  128 |                         transmit = &get_msg;
      |                                  ^
../Core/Src/main.c:136:18: error: assignment to expression with array type
  136 |         transmit = err;
      |                  ^
../Core/Src/main.c: In function 'Stepper_Rotate_Cplt_CB':
../Core/Src/main.c:584:18: error: assignment to expression with array type
  584 |         transmit = cplt_msg;
      |                  ^
make: *** [Core/Src/subdir.mk:34: Core/Src/main.o] Error 1
"make -j12 all" terminated with exit code 2. Build might be incomplete.
10:03:49 **** Incremental Build of configuration Debug for project Main ****
make -j12 all 
arm-none-eabi-gcc "../Core/Src/main.c" -mcpu=cortex-m4 -std=gnu11 -g3 -DDEBUG -DUSE_HAL_DRIVER -DSTM32F429xx -c -I../Core/Inc -I../Drivers/STM32F4xx_HAL_Driver/Inc -I../Drivers/STM32F4xx_HAL_Driver/Inc/Legacy -I../Drivers/CMSIS/Device/ST/STM32F4xx/Include -I../Drivers/CMSIS/Include -O0 -ffunction-sections -fdata-sections -Wall -fstack-usage -fcyclomatic-complexity -MMD -MP -MF"Core/Src/main.d" -MT"Core/Src/main.o" --specs=nano.specs -mfpu=fpv4-sp-d16 -mfloat-abi=hard -mthumb -o "Core/Src/main.o"
../Core/Src/main.c: In function 'Process_Message':
../Core/Src/main.c:123:42: error: assignment to expression with array type
  123 |                                 transmit = (uint8_t*)err;
      |                                          ^
../Core/Src/main.c:127:34: error: assignment to expression with array type
  127 |                         transmit = &get_msg;
      |                                  ^
../Core/Src/main.c:135:18: error: assignment to expression with array type
  135 |         transmit = err;
      |                  ^
../Core/Src/main.c: In function 'Stepper_Rotate_Cplt_CB':
../Core/Src/main.c:583:18: error: assignment to expression with array type
  583 |         transmit = cplt_msg;
      |                  ^
make: *** [Core/Src/subdir.mk:34: Core/Src/main.o] Error 1
"make -j12 all" terminated with exit code 2. Build might be incomplete.
10:06:07 **** Incremental Build of configuration Debug for project Main ****
make -j12 all 
arm-none-eabi-gcc "../Core/Src/main.c" -mcpu=cortex-m4 -std=gnu11 -g3 -DDEBUG -DUSE_HAL_DRIVER -DSTM32F429xx -c -I../Core/Inc -I../Drivers/STM32F4xx_HAL_Driver/Inc -I../Drivers/STM32F4xx_HAL_Driver/Inc/Legacy -I../Drivers/CMSIS/Device/ST/STM32F4xx/Include -I../Drivers/CMSIS/Include -O0 -ffunction-sections -fdata-sections -Wall -fstack-usage -fcyclomatic-complexity -MMD -MP -MF"Core/Src/main.d" -MT"Core/Src/main.o" --specs=nano.specs -mfpu=fpv4-sp-d16 -mfloat-abi=hard -mthumb -o "Core/Src/main.o"
../Core/Src/main.c: In function 'Stepper_Rotate_Cplt_CB':
../Core/Src/main.c:583:18: error: assignment to expression with array type
  583 |         transmit = cplt_msg;
      |                  ^
make: *** [Core/Src/subdir.mk:34: Core/Src/main.o] Error 1
"make -j12 all" terminated with exit code 2. Build might be incomplete.
10:06:33 **** Incremental Build of configuration Debug for project Main ****
make -j12 all 
arm-none-eabi-gcc "../Core/Src/main.c" -mcpu=cortex-m4 -std=gnu11 -g3 -DDEBUG -DUSE_HAL_DRIVER -DSTM32F429xx -c -I../Core/Inc -I../Drivers/STM32F4xx_HAL_Driver/Inc -I../Drivers/STM32F4xx_HAL_Driver/Inc/Legacy -I../Drivers/CMSIS/Device/ST/STM32F4xx/Include -I../Drivers/CMSIS/Include -O0 -ffunction-sections -fdata-sections -Wall -fstack-usage -fcyclomatic-complexity -MMD -MP -MF"Core/Src/main.d" -MT"Core/Src/main.o" --specs=nano.specs -mfpu=fpv4-sp-d16 -mfloat-abi=hard -mthumb -o "Core/Src/main.o"
arm-none-eabi-gcc -o "Main.elf" @"objects.list"   -mcpu=cortex-m4 -T"C:\Users\choua\STM32CubeIDE\AutoBookshelf\Main\STM32F429ZITX_FLASH.ld" --specs=nosys.specs -Wl,-Map="Main.map" -Wl,--gc-sections -static --specs=nano.specs -mfpu=fpv4-sp-d16 -mfloat-abi=hard -mthumb -Wl,--start-group -lc -lm -Wl,--end-group
Finished building target: Main.elf
 
arm-none-eabi-size  Main.elf 
arm-none-eabi-objdump -h -S Main.elf  > "Main.list"
   text	   data	    bss	    dec	    hex	filename
  26400	     32	   4360	  30792	   7848	Main.elf
Finished building: default.size.stdout
 
Finished building: Main.list
 
10:11:45 **** Incremental Build of configuration Debug for project Main ****
make -j12 all 
arm-none-eabi-gcc "../Core/Src/main.c" -mcpu=cortex-m4 -std=gnu11 -g3 -DDEBUG -DUSE_HAL_DRIVER -DSTM32F429xx -c -I../Core/Inc -I../Drivers/STM32F4xx_HAL_Driver/Inc -I../Drivers/STM32F4xx_HAL_Driver/Inc/Legacy -I../Drivers/CMSIS/Device/ST/STM32F4xx/Include -I../Drivers/CMSIS/Include -O0 -ffunction-sections -fdata-sections -Wall -fstack-usage -fcyclomatic-complexity -MMD -MP -MF"Core/Src/main.d" -MT"Core/Src/main.o" --specs=nano.specs -mfpu=fpv4-sp-d16 -mfloat-abi=hard -mthumb -o "Core/Src/main.o"
arm-none-eabi-gcc -o "Main.elf" @"objects.list"   -mcpu=cortex-m4 -T"C:\Users\choua\STM32CubeIDE\AutoBookshelf\Main\STM32F429ZITX_FLASH.ld" --specs=nosys.specs -Wl,-Map="Main.map" -Wl,--gc-sections -static --specs=nano.specs -mfpu=fpv4-sp-d16 -mfloat-abi=hard -mthumb -Wl,--start-group -lc -lm -Wl,--end-group
Finished building target: Main.elf
 
arm-none-eabi-size  Main.elf 
arm-none-eabi-objdump -h -S Main.elf  > "Main.list"
   text	   data	    bss	    dec	    hex	filename
  26452	     32	   4360	  30844	   787c	Main.elf
Finished building: default.size.stdout
 
Finished building: Main.list
 
